<?xml version="1.0" encoding="UTF-8"?>
<testsuite name="T6 Gateway Check - Open API Project.OAuth: Pre Test Setup" tests="1" failures="1" errors="0" time="1.216"><properties><property name="java.runtime.name" value="Java(TM) SE Runtime Environment"/><property name="sun.boot.library.path" value="C:\Program Files (x86)\Java\jdk1.6.0_45\bin"/><property name="java.vm.version" value="20.45-b01"/><property name="java.vm.vendor" value="Sun Microsystems Inc."/><property name="java.vendor.url" value="http://java.sun.com/"/><property name="guice.disable.misplaced.annotation.check" value="true"/><property name="path.separator" value=";"/><property name="java.vm.name" value="Java HotSpot(TM) Client VM"/><property name="file.encoding.pkg" value="sun.io"/><property name="sun.java.launcher" value="SUN_STANDARD"/><property name="user.country" value="GB"/><property name="sun.os.patch.level" value="Service Pack 1"/><property name="java.vm.specification.name" value="Java Virtual Machine Specification"/><property name="user.dir" value="C:\Projects\Automation\OpenAPI\T6_Open_API_Gateway\src\test"/><property name="java.runtime.version" value="1.6.0_45-b06"/><property name="java.awt.graphicsenv" value="sun.awt.Win32GraphicsEnvironment"/><property name="java.endorsed.dirs" value="C:\Program Files (x86)\Java\jdk1.6.0_45\lib\endorsed"/><property name="os.arch" value="x86"/><property name="java.io.tmpdir" value="C:\Users\gmanoharan\AppData\Local\Temp\"/><property name="line.separator" value="
"/><property name="java.vm.specification.vendor" value="Sun Microsystems Inc."/><property name="user.variant" value=""/><property name="os.name" value="Windows 7"/><property name="classworlds.conf" value="C:\Program Files (x86)\Apache\apache-maven-3.0.5\bin\m2.conf"/><property name="sun.jnu.encoding" value="Cp1252"/><property name="java.library.path" value="C:\Program Files (x86)\Java\jdk1.6.0_45\bin;C:\windows\Sun\Java\bin;C:\windows\system32;C:\windows;C:\windows\system32;C:\windows;C:\windows\System32\Wbem;C:\windows\System32\WindowsPowerShell\v1.0\;C:\Program Files (x86)\CheckPoint\Endpoint Security Agent\Endpoint Common\bin;C:\Program Files (x86)\Common Files\Check Point\UIFramework 3.0\Bin\;C:\Program Files (x86)\CheckPoint\Endpoint Security\Endpoint Common\bin;C:\Program Files (x86)\RadView\WebLOAD\bin;C:\Program Files (x86)\RadView\WebLOAD\bin\jre\bin;C:\Program Files (x86)\Java\jdk1.6.0_45\bin;C:\Program Files\TortoiseSVN\bin;C:\Program Files (x86)\MySQL\MySQL Utilities\;C:\Program Files (x86)\MySQL\MySQL Utilities\Doctrine extensions for PHP\;C:\Program Files (x86)\Apache\apache-maven-3.0.5\bin;C:\Program Files\nodejs\;C:\Program Files (x86)\nodejs\;C:\Ruby21\bin;C:\Users\gmanoharan\AppData\Roaming\npm;."/><property name="java.specification.name" value="Java Platform API Specification"/><property name="java.class.version" value="50.0"/><property name="sun.management.compiler" value="HotSpot Client Compiler"/><property name="os.version" value="6.1"/><property name="user.home" value="C:\Users\gmanoharan"/><property name="user.timezone" value="Europe/London"/><property name="java.awt.printerjob" value="sun.awt.windows.WPrinterJob"/><property name="file.encoding" value="Cp1252"/><property name="java.specification.version" value="1.6"/><property name="java.class.path" value="C:\Program Files (x86)\Apache\apache-maven-3.0.5\boot\plexus-classworlds-2.4.jar"/><property name="user.name" value="gmanoharan"/><property name="java.vm.specification.version" value="1.0"/><property name="sun.java.command" value="org.codehaus.plexus.classworlds.launcher.Launcher clean install"/><property name="java.home" value="C:\Program Files (x86)\Java\jdk1.6.0_45"/><property name="sun.arch.data.model" value="32"/><property name="user.language" value="en"/><property name="java.specification.vendor" value="Sun Microsystems Inc."/><property name="awt.toolkit" value="sun.awt.windows.WToolkit"/><property name="java.vm.info" value="mixed mode, sharing"/><property name="java.version" value="1.6.0_45"/><property name="java.ext.dirs" value="C:\Program Files (x86)\Java\jdk1.6.0_45\lib\ext;C:\windows\Sun\Java\lib\ext"/><property name="sun.boot.class.path" value="C:\Program Files (x86)\Java\jdk1.6.0_45\lib\resources.jar;C:\Program Files (x86)\Java\jdk1.6.0_45\lib\rt.jar;C:\Program Files (x86)\Java\jdk1.6.0_45\lib\sunrsasign.jar;C:\Program Files (x86)\Java\jdk1.6.0_45\lib\jsse.jar;C:\Program Files (x86)\Java\jdk1.6.0_45\lib\jce.jar;C:\Program Files (x86)\Java\jdk1.6.0_45\lib\charsets.jar;C:\Program Files (x86)\Java\jdk1.6.0_45\lib\modules\jdk.boot.jar;C:\Program Files (x86)\Java\jdk1.6.0_45\classes"/><property name="java.vendor" value="Sun Microsystems Inc."/><property name="maven.home" value="C:\Program Files (x86)\Apache\apache-maven-3.0.5"/><property name="file.separator" value="\"/><property name="java.vendor.url.bug" value="http://java.sun.com/cgi-bin/bugreport.cgi"/><property name="sun.io.unicode.encoding" value="UnicodeLittle"/><property name="sun.cpu.endian" value="little"/><property name="sun.desktop" value="windows"/><property name="sun.cpu.isalist" value="pentium_pro+mmx pentium_pro pentium+mmx pentium i486 i386 i86"/></properties><testcase name="1. Card: 68497188014 Client: EBAY Property: tokenAttachedToCollector" time="1.216"><failure type="Cancelling due to failed test step" message="Cancelling due to failed test step"><![CDATA[<h3><b>Req B Failed</b></h3><pre>[Script Assertion] Cannot invoke method getAt() on null object
</pre><hr/>]]></failure></testcase></testsuite>